Warning: you requested the nanomsg event logger, but bmv2 was compiled without -DBMELOG, and the event logger cannot be activated
Calling target program-options parser
[12:35:37.011] [bmv2] [D] [thread 16124] Set default default entry for table 'tbl_act': act - 
[12:35:37.011] [bmv2] [D] [thread 16124] Set default default entry for table 'tbl_heavy_hitter271': heavy_hitter271 - 
[12:35:37.011] [bmv2] [D] [thread 16124] Set default default entry for table 'tbl_heavy_hitter273': heavy_hitter273 - 
[12:35:37.011] [bmv2] [D] [thread 16124] Set default default entry for table 'MyIngress.update_bloom_filter': MyIngress._update_bloom_filter - 
[12:35:37.011] [bmv2] [D] [thread 16124] Set default default entry for table 'MyIngress.drop_table': MyIngress.drop - 
[12:35:37.011] [bmv2] [D] [thread 16124] Set default default entry for table 'tbl_heavy_hitter295': heavy_hitter295 - 
[12:35:37.011] [bmv2] [D] [thread 16124] Set default default entry for table 'MyIngress.ipv4_lpm': NoAction - 
Adding interface s3-eth1 as port 1
[12:35:37.013] [bmv2] [D] [thread 16124] Adding interface s3-eth1 as port 1
Adding interface s3-eth2 as port 2
[12:35:37.040] [bmv2] [D] [thread 16124] Adding interface s3-eth2 as port 2
Adding interface s3-eth3 as port 3
[12:35:37.064] [bmv2] [D] [thread 16124] Adding interface s3-eth3 as port 3
[12:35:37.091] [bmv2] [I] [thread 16124] Starting Thrift server on port 9092
[12:35:37.092] [bmv2] [I] [thread 16124] Thrift server was started
[12:35:37.411] [bmv2] [D] [thread 16131] [0.0] [cxt 0] Processing packet received on port 1
[12:35:37.411] [bmv2] [D] [thread 16131] [0.0] [cxt 0] Parser 'parser': start
[12:35:37.411] [bmv2] [D] [thread 16131] [0.0] [cxt 0] Parser 'parser' entering state 'start'
[12:35:37.411] [bmv2] [D] [thread 16131] [0.0] [cxt 0] Extracting header 'ethernet'
[12:35:37.411] [bmv2] [D] [thread 16131] [0.0] [cxt 0] Parser state 'start': key is 86dd
[12:35:37.411] [bmv2] [T] [thread 16131] [0.0] [cxt 0] Bytes parsed: 14
[12:35:37.411] [bmv2] [D] [thread 16131] [0.0] [cxt 0] Parser 'parser': end
[12:35:37.411] [bmv2] [D] [thread 16131] [0.0] [cxt 0] Pipeline 'ingress': start
[12:35:37.411] [bmv2] [T] [thread 16131] [0.0] [cxt 0] Applying table 'tbl_act'
[12:35:37.411] [bmv2] [D] [thread 16131] [0.0] [cxt 0] Looking up key:

[12:35:37.411] [bmv2] [D] [thread 16131] [0.0] [cxt 0] Table 'tbl_act': miss
[12:35:37.411] [bmv2] [D] [thread 16131] [0.0] [cxt 0] Action entry is act - 
[12:35:37.411] [bmv2] [T] [thread 16131] [0.0] [cxt 0] Action act
[12:35:37.411] [bmv2] [T] [thread 16131] [0.0] [cxt 0] Primitive (no source info)
[12:35:37.411] [bmv2] [T] [thread 16131] [0.0] [cxt 0] heavy_hitter.p4(246) Condition "hdr.ipv4.isValid()" (node_3) is false
[12:35:37.411] [bmv2] [D] [thread 16131] [0.0] [cxt 0] Pipeline 'ingress': end
[12:35:37.411] [bmv2] [D] [thread 16131] [0.0] [cxt 0] Egress port is 0
[12:35:37.411] [bmv2] [D] [thread 16132] [0.0] [cxt 0] Pipeline 'egress': start
[12:35:37.411] [bmv2] [D] [thread 16132] [0.0] [cxt 0] Pipeline 'egress': end
[12:35:37.411] [bmv2] [D] [thread 16132] [0.0] [cxt 0] Deparser 'deparser': start
[12:35:37.411] [bmv2] [T] [thread 16132] [0.0] [cxt 0] Skipping checksum 'cksum' update because condition not met
[12:35:37.411] [bmv2] [D] [thread 16132] [0.0] [cxt 0] Deparsing header 'ethernet'
[12:35:37.411] [bmv2] [D] [thread 16132] [0.0] [cxt 0] Deparser 'deparser': end
[12:35:37.411] [bmv2] [D] [thread 16136] [0.0] [cxt 0] Transmitting packet of size 90 out of port 0
[12:35:37.486] [bmv2] [D] [thread 16131] [1.0] [cxt 0] Processing packet received on port 3
[12:35:37.486] [bmv2] [D] [thread 16131] [1.0] [cxt 0] Parser 'parser': start
[12:35:37.486] [bmv2] [D] [thread 16131] [1.0] [cxt 0] Parser 'parser' entering state 'start'
[12:35:37.486] [bmv2] [D] [thread 16131] [1.0] [cxt 0] Extracting header 'ethernet'
[12:35:37.486] [bmv2] [D] [thread 16131] [1.0] [cxt 0] Parser state 'start': key is 86dd
[12:35:37.486] [bmv2] [T] [thread 16131] [1.0] [cxt 0] Bytes parsed: 14
[12:35:37.486] [bmv2] [D] [thread 16131] [1.0] [cxt 0] Parser 'parser': end
[12:35:37.486] [bmv2] [D] [thread 16131] [1.0] [cxt 0] Pipeline 'ingress': start
[12:35:37.486] [bmv2] [T] [thread 16131] [1.0] [cxt 0] Applying table 'tbl_act'
[12:35:37.486] [bmv2] [D] [thread 16131] [1.0] [cxt 0] Looking up key:

[12:35:37.486] [bmv2] [D] [thread 16131] [1.0] [cxt 0] Table 'tbl_act': miss
[12:35:37.486] [bmv2] [D] [thread 16131] [1.0] [cxt 0] Action entry is act - 
[12:35:37.486] [bmv2] [T] [thread 16131] [1.0] [cxt 0] Action act
[12:35:37.486] [bmv2] [T] [thread 16131] [1.0] [cxt 0] Primitive (no source info)
[12:35:37.486] [bmv2] [T] [thread 16131] [1.0] [cxt 0] heavy_hitter.p4(246) Condition "hdr.ipv4.isValid()" (node_3) is false
[12:35:37.486] [bmv2] [D] [thread 16131] [1.0] [cxt 0] Pipeline 'ingress': end
[12:35:37.486] [bmv2] [D] [thread 16131] [1.0] [cxt 0] Egress port is 0
[12:35:37.486] [bmv2] [D] [thread 16132] [1.0] [cxt 0] Pipeline 'egress': start
[12:35:37.486] [bmv2] [D] [thread 16132] [1.0] [cxt 0] Pipeline 'egress': end
[12:35:37.486] [bmv2] [D] [thread 16132] [1.0] [cxt 0] Deparser 'deparser': start
[12:35:37.486] [bmv2] [T] [thread 16132] [1.0] [cxt 0] Skipping checksum 'cksum' update because condition not met
[12:35:37.486] [bmv2] [D] [thread 16132] [1.0] [cxt 0] Deparsing header 'ethernet'
[12:35:37.486] [bmv2] [D] [thread 16132] [1.0] [cxt 0] Deparser 'deparser': end
[12:35:37.486] [bmv2] [D] [thread 16136] [1.0] [cxt 0] Transmitting packet of size 90 out of port 0
[12:35:39.102] [bmv2] [T] [thread 16182] bm_get_config
[12:35:39.103] [bmv2] [T] [thread 16182] bm_set_default_action
[12:35:39.103] [bmv2] [D] [thread 16182] Set default entry for table 'MyIngress.ipv4_lpm': MyIngress.drop - 
[12:35:39.104] [bmv2] [T] [thread 16182] bm_table_add_entry
[12:35:39.104] [bmv2] [D] [thread 16182] Entry 0 added to table 'MyIngress.ipv4_lpm'
[12:35:39.104] [bmv2] [D] [thread 16182] Dumping entry 0
Match key:
* hdr.ipv4.dstAddr    : LPM       0a000000/16
Action entry: MyIngress.ipv4_forward - 10300,1,

[12:35:39.104] [bmv2] [T] [thread 16182] bm_table_add_entry
[12:35:39.104] [bmv2] [D] [thread 16182] Entry 1 added to table 'MyIngress.ipv4_lpm'
[12:35:39.104] [bmv2] [D] [thread 16182] Dumping entry 1
Match key:
* hdr.ipv4.dstAddr    : LPM       0a000303/32
Action entry: MyIngress.ipv4_forward - a000303,2,

[12:35:39.104] [bmv2] [T] [thread 16182] bm_table_add_entry
[12:35:39.104] [bmv2] [D] [thread 16182] Entry 2 added to table 'MyIngress.ipv4_lpm'
[12:35:39.104] [bmv2] [D] [thread 16182] Dumping entry 2
Match key:
* hdr.ipv4.dstAddr    : LPM       0a000304/32
Action entry: MyIngress.ipv4_forward - a000304,3,

